[08:59:54.970726][417.00 kB] DBG: [0;37mThis is a Debug Message[0m  
[08:59:54.970916][418.00 kB] EMR: [0;33mThis is an Emergency Message[0m  
[08:59:54.970939][418.00 kB] ERR: [1;31mThis is an Error Message[0m  
[08:59:54.970960][419.00 kB] DBG: [0;37m
testing
vd(string) /index.php [39];
[0m  
[08:59:54.970998][420.00 kB] DBG: [0;37m
Array[3] 
(
  [test1] => test1
  [test2] => Array[1] 
    (
      [test2.1] => test2.1

    )
  [test3] => test3

)

[0] /index.php(41): vdd('Array[3]')
vdd(array) /index.php [41]
[0m  
[08:59:54.971036][420.00 kB] DBG: [0;37m
{stdClass} Object 
{
  [var1] => 1
  [var2] => 2
}
vd(stdClass) /index.php [46];
[0m  
[08:59:54.971055][420.00 kB] DBG: [0;37m
{stdClass} Object 
{
  [var1] => 1
  [var2] => 2
}

[0] /index.php(48): vdd('stdClass')
vdd(stdClass) /index.php [48]
[0m  
[09:00:07.402304][416.00 kB] DBG: [0;37mThis is a Debug Message[0m  
[09:00:07.402707][417.00 kB] EMR: [0;33mThis is an Emergency Message[0m  
[09:00:07.402862][417.00 kB] ERR: [1;31mThis is an Error Message[0m  
[09:00:07.403040][418.00 kB] DBG: [0;37m
testing
vd(string) /index.php [39];
[0m  
[09:00:07.403198][419.00 kB] DBG: [0;37m
Array[3] 
(
  [test1] => test1
  [test2] => Array[1] 
    (
      [test2.1] => test2.1

    )
  [test3] => test3

)

[0] /index.php(41): vdd('Array[3]')
vdd(array) /index.php [41]
[0m  
[09:00:07.403265][419.00 kB] DBG: [0;37m
{stdClass} Object 
{
  [var1] => 1
  [var2] => 2
}
vd(stdClass) /index.php [46];
[0m  
[09:00:07.403290][419.00 kB] DBG: [0;37m
{stdClass} Object 
{
  [var1] => 1
  [var2] => 2
}

[0] /index.php(48): vdd('stdClass')
vdd(stdClass) /index.php [48]
[0m  
[09:00:08.414045][416.00 kB] DBG: [0;37mThis is a Debug Message[0m  
[09:00:08.414159][417.00 kB] EMR: [0;33mThis is an Emergency Message[0m  
[09:00:08.414183][417.00 kB] ERR: [1;31mThis is an Error Message[0m  
[09:00:08.414204][418.00 kB] DBG: [0;37m
testing
vd(string) /index.php [39];
[0m  
[09:00:08.414330][419.00 kB] DBG: [0;37m
Array[3] 
(
  [test1] => test1
  [test2] => Array[1] 
    (
      [test2.1] => test2.1

    )
  [test3] => test3

)

[0] /index.php(41): vdd('Array[3]')
vdd(array) /index.php [41]
[0m  
[09:00:08.414369][419.00 kB] DBG: [0;37m
{stdClass} Object 
{
  [var1] => 1
  [var2] => 2
}
vd(stdClass) /index.php [46];
[0m  
[09:00:08.414392][419.00 kB] DBG: [0;37m
{stdClass} Object 
{
  [var1] => 1
  [var2] => 2
}

[0] /index.php(48): vdd('stdClass')
vdd(stdClass) /index.php [48]
[0m  
[09:00:21.706470][416.00 kB] DBG: [0;37mThis is a Debug Message[0m  
[09:00:21.707212][417.00 kB] EMR: [0;33mThis is an Emergency Message[0m  
[09:00:21.707236][417.00 kB] ERR: [1;31mThis is an Error Message[0m  
[09:00:21.707272][418.00 kB] DBG: [0;37m
testing
vd(string) /index.php [39];
[0m  
[09:00:21.707315][419.00 kB] DBG: [0;37m
Array[3] 
(
  [test1] => test1
  [test2] => Array[1] 
    (
      [test2.1] => test2.1

    )
  [test3] => test3

)

[0] /index.php(41): vdd('Array[3]')
vdd(array) /index.php [41]
[0m  
[09:00:21.707336][419.00 kB] DBG: [0;37m
{stdClass} Object 
{
  [var1] => 1
  [var2] => 2
}
vd(stdClass) /index.php [46];
[0m  
[09:00:21.707354][419.00 kB] DBG: [0;37m
{stdClass} Object 
{
  [var1] => 1
  [var2] => 2
}

[0] /index.php(48): vdd('stdClass')
vdd(stdClass) /index.php [48]
[0m  
[09:00:22.205531][416.00 kB] DBG: [0;37mThis is a Debug Message[0m  
[09:00:22.205599][417.00 kB] EMR: [0;33mThis is an Emergency Message[0m  
[09:00:22.205616][417.00 kB] ERR: [1;31mThis is an Error Message[0m  
[09:00:22.205636][418.00 kB] DBG: [0;37m
testing
vd(string) /index.php [39];
[0m  
[09:00:22.205688][419.00 kB] DBG: [0;37m
Array[3] 
(
  [test1] => test1
  [test2] => Array[1] 
    (
      [test2.1] => test2.1

    )
  [test3] => test3

)

[0] /index.php(41): vdd('Array[3]')
vdd(array) /index.php [41]
[0m  
[09:00:22.205710][419.00 kB] DBG: [0;37m
{stdClass} Object 
{
  [var1] => 1
  [var2] => 2
}
vd(stdClass) /index.php [46];
[0m  
[09:00:22.205728][419.00 kB] DBG: [0;37m
{stdClass} Object 
{
  [var1] => 1
  [var2] => 2
}

[0] /index.php(48): vdd('stdClass')
vdd(stdClass) /index.php [48]
[0m  
[09:01:32.829091][418.00 kB] DBG: [0;37mThis is a Debug Message[0m  
[09:01:32.829204][419.00 kB] EMR: [0;33mThis is an Emergency Message[0m  
[09:01:32.829236][419.00 kB] ERR: [1;31mThis is an Error Message[0m  
[09:01:32.829265][419.00 kB] DBG: [0;37m
testing
vd(string) /index.php [39];
[0m  
[09:01:32.829310][420.00 kB] DBG: [0;37m
Array[3] 
(
  [test1] => test1
  [test2] => Array[1] 
    (
      [test2.1] => test2.1

    )
  [test3] => test3

)

[0] /index.php(41): vdd('Array[3]')
vdd(array) /index.php [41]
[0m  
[09:01:32.829332][420.00 kB] DBG: [0;37m
{stdClass} Object 
{
  [var1] => 1
  [var2] => 2
}
vd(stdClass) /index.php [46];
[0m  
[09:01:32.829351][420.00 kB] DBG: [0;37m
{stdClass} Object 
{
  [var1] => 1
  [var2] => 2
}

[0] /index.php(48): vdd('stdClass')
vdd(stdClass) /index.php [48]
[0m  
[09:01:39.538815][416.00 kB] DBG: [0;37mThis is a Debug Message[0m  
[09:01:39.538930][417.00 kB] EMR: [0;33mThis is an Emergency Message[0m  
[09:01:39.538971][417.00 kB] ERR: [1;31mThis is an Error Message[0m  
[09:01:39.539003][418.00 kB] DBG: [0;37m
testing
vd(string) /index.php [39];
[0m  
[09:01:39.539076][419.00 kB] DBG: [0;37m
Array[3] 
(
  [test1] => test1
  [test2] => Array[1] 
    (
      [test2.1] => test2.1

    )
  [test3] => test3

)

[0] /index.php(41): vdd('Array[3]')
vdd(array) /index.php [41]
[0m  
[09:01:39.539131][419.00 kB] DBG: [0;37m
{stdClass} Object 
{
  [var1] => 1
  [var2] => 2
}
vd(stdClass) /index.php [46];
[0m  
[09:01:39.539169][419.00 kB] DBG: [0;37m
{stdClass} Object 
{
  [var1] => 1
  [var2] => 2
}

[0] /index.php(48): vdd('stdClass')
vdd(stdClass) /index.php [48]
[0m  
[09:11:24.806643][416.00 kB] DBG: [0;37mThis is a Debug Message[0m  
[09:11:24.806730][417.00 kB] EMR: [0;33mThis is an Emergency Message[0m  
[09:11:24.806752][417.00 kB] ERR: [1;31mThis is an Error Message[0m  
[09:11:24.806791][418.00 kB] DBG: [0;37m
testing
vd(string) /index.php [39];
[0m  
[09:11:24.806991][419.00 kB] DBG: [0;37m
Array[3] 
(
  [test1] => test1
  [test2] => Array[1] 
    (
      [test2.1] => test2.1

    )
  [test3] => test3

)

[0] /index.php(41): vdd('Array[3]')
vdd(array) /index.php [41]
[0m  
[09:11:24.807035][419.00 kB] DBG: [0;37m
{stdClass} Object 
{
  [var1] => 1
  [var2] => 2
}
vd(stdClass) /index.php [46];
[0m  
[09:11:24.807064][419.00 kB] DBG: [0;37m
{stdClass} Object 
{
  [var1] => 1
  [var2] => 2
}

[0] /index.php(48): vdd('stdClass')
vdd(stdClass) /index.php [48]
[0m  
[09:24:40.181968][416.00 kB] DBG: [0;37mThis is a Debug Message[0m  
[09:24:40.182120][418.00 kB] EMR: [0;33mThis is an Emergency Message[0m  
[09:24:40.182156][418.00 kB] ERR: [1;31mThis is an Error Message[0m  
[09:24:40.182187][419.00 kB] DBG: [0;37m
testing
vd(string) /index.php [39];
[0m  
[09:24:40.182255][419.00 kB] DBG: [0;37m
Array[3] 
(
  [test1] => test1
  [test2] => Array[1] 
    (
      [test2.1] => test2.1

    )
  [test3] => test3

)

[0] /index.php(41): vdd('Array[3]')
vdd(array) /index.php [41]
[0m  
[09:24:40.182338][419.00 kB] DBG: [0;37m
{stdClass} Object 
{
  [var1] => 1
  [var2] => 2
}
vd(stdClass) /index.php [46];
[0m  
[09:24:40.182408][420.00 kB] DBG: [0;37m
{stdClass} Object 
{
  [var1] => 1
  [var2] => 2
}

[0] /index.php(48): vdd('stdClass')
vdd(stdClass) /index.php [48]
[0m  
